Flow report for digital_modualization_visualization_core
Tue Jul 16 11:44:27 2024
Quartus Prime Version 18.1.0 Build 625 09/12/2018 SJ Standard Edition


---------------------
; Table of Contents ;
---------------------
  1. Legal Notice
  2. Flow Summary
  3. Flow Settings
  4. Flow Non-Default Global Settings
  5. Flow Elapsed Time
  6. Flow OS Summary
  7. Flow Log
  8. Flow Messages
  9. Flow Suppressed Messages



----------------
; Legal Notice ;
----------------
Copyright (C) 2018  Intel Corporation. All rights reserved.
Your use of Intel Corporation's design tools, logic functions 
and other software and tools, and its AMPP partner logic 
functions, and any output files from any of the foregoing 
(including device programming or simulation files), and any 
associated documentation or information are expressly subject 
to the terms and conditions of the Intel Program License 
Subscription Agreement, the Intel Quartus Prime License Agreement,
the Intel FPGA IP License Agreement, or other applicable license
agreement, including, without limitation, that your use is for
the sole purpose of programming logic devices manufactured by
Intel and sold by Intel or its authorized distributors.  Please
refer to the applicable agreement for further details.



+-----------------------------------------------------------------------------------+
; Flow Summary                                                                      ;
+---------------------------------+-------------------------------------------------+
; Flow Status                     ; Successful - Tue Jul 16 11:43:08 2024           ;
; Quartus Prime Version           ; 18.1.0 Build 625 09/12/2018 SJ Standard Edition ;
; Revision Name                   ; digital_modualization_visualization_core        ;
; Top-level Entity Name           ; top                                             ;
; Family                          ; Cyclone V                                       ;
; Device                          ; 5CSEMA5F31C6                                    ;
; Timing Models                   ; Final                                           ;
; Logic utilization (in ALMs)     ; 6,450 / 32,070 ( 20 % )                         ;
; Total registers                 ; 11159                                           ;
; Total pins                      ; 241 / 457 ( 53 % )                              ;
; Total virtual pins              ; 0                                               ;
; Total block memory bits         ; 2,014,616 / 4,065,280 ( 50 % )                  ;
; Total DSP Blocks                ; 2 / 87 ( 2 % )                                  ;
; Total HSSI RX PCSs              ; 0                                               ;
; Total HSSI PMA RX Deserializers ; 0                                               ;
; Total HSSI TX PCSs              ; 0                                               ;
; Total HSSI PMA TX Serializers   ; 0                                               ;
; Total PLLs                      ; 2 / 6 ( 33 % )                                  ;
; Total DLLs                      ; 0 / 4 ( 0 % )                                   ;
+---------------------------------+-------------------------------------------------+


+--------------------------------------------------------------+
; Flow Settings                                                ;
+-------------------+------------------------------------------+
; Option            ; Setting                                  ;
+-------------------+------------------------------------------+
; Start date & time ; 07/16/2024 11:31:04                      ;
; Main task         ; Compilation                              ;
; Revision Name     ; digital_modualization_visualization_core ;
+-------------------+------------------------------------------+


+---------------------------------------------------------------------------------------------------------------------------------------------------------------------------------------------------------------------------------------------------------------------------------------------------------------------------------------------------------------------------------------------------------------------------------------+
; Flow Non-Default Global Settings                                                                                                                                                                                                                                                                                                                                                                                                      ;
+---------------------------------------------------+-------------------------------------------------------------------------------------------------------------------------------------------------------------------------------------------------------------------------------------------------------------------------------------------------------+------------------------------------------+-------------+------------------+
; Assignment Name                                   ; Value                                                                                                                                                                                                                                                                                                 ; Default Value                            ; Entity Name ; Section Id       ;
+---------------------------------------------------+-------------------------------------------------------------------------------------------------------------------------------------------------------------------------------------------------------------------------------------------------------------------------------------------------------+------------------------------------------+-------------+------------------+
; ALLOW_POWER_UP_DONT_CARE                          ; Off                                                                                                                                                                                                                                                                                                   ; On                                       ; --          ; --               ;
; BLOCK_RAM_AND_MLAB_EQUIVALENT_POWER_UP_CONDITIONS ; Care                                                                                                                                                                                                                                                                                                  ; Auto                                     ; --          ; --               ;
; COMPILER_SIGNATURE_ID                             ; 1097601717432.172115466418124                                                                                                                                                                                                                                                                         ; --                                       ; --          ; --               ;
; ENABLE_IP_DEBUG                                   ; On                                                                                                                                                                                                                                                                                                    ; Off                                      ; --          ; --               ;
; ENABLE_SIGNALTAP                                  ; On                                                                                                                                                                                                                                                                                                    ; --                                       ; --          ; --               ;
; EXTRACT_VERILOG_STATE_MACHINES                    ; Off                                                                                                                                                                                                                                                                                                   ; On                                       ; --          ; --               ;
; FITTER_EFFORT                                     ; Standard Fit                                                                                                                                                                                                                                                                                          ; Auto Fit                                 ; --          ; --               ;
; FIT_ONLY_ONE_ATTEMPT                              ; -- (Not supported for targeted family)                                                                                                                                                                                                                                                                ; Off                                      ; --          ; --               ;
; MAX_CORE_JUNCTION_TEMP                            ; 85                                                                                                                                                                                                                                                                                                    ; --                                       ; --          ; --               ;
; MIN_CORE_JUNCTION_TEMP                            ; 0                                                                                                                                                                                                                                                                                                     ; --                                       ; --          ; --               ;
; NUMBER_OF_INVERTED_REGISTERS_REPORTED             ; 1000                                                                                                                                                                                                                                                                                                  ; 100                                      ; --          ; --               ;
; OPTIMIZE_POWER_DURING_FITTING                     ; Off                                                                                                                                                                                                                                                                                                   ; Normal compilation                       ; --          ; --               ;
; OPTIMIZE_POWER_DURING_SYNTHESIS                   ; Off                                                                                                                                                                                                                                                                                                   ; Normal compilation                       ; --          ; --               ;
; OUTPUT_IO_TIMING_FAR_END_VMEAS                    ; Half Signal Swing                                                                                                                                                                                                                                                                                     ; --                                       ; --          ; --               ;
; OUTPUT_IO_TIMING_FAR_END_VMEAS                    ; Half Signal Swing                                                                                                                                                                                                                                                                                     ; --                                       ; --          ; --               ;
; OUTPUT_IO_TIMING_NEAR_END_VMEAS                   ; Half Vccio                                                                                                                                                                                                                                                                                            ; --                                       ; --          ; --               ;
; OUTPUT_IO_TIMING_NEAR_END_VMEAS                   ; Half Vccio                                                                                                                                                                                                                                                                                            ; --                                       ; --          ; --               ;
; PARTITION_COLOR                                   ; -- (Not supported for targeted family)                                                                                                                                                                                                                                                                ; --                                       ; top         ; Top              ;
; PARTITION_FITTER_PRESERVATION_LEVEL               ; -- (Not supported for targeted family)                                                                                                                                                                                                                                                                ; --                                       ; top         ; Top              ;
; PARTITION_NETLIST_TYPE                            ; -- (Not supported for targeted family)                                                                                                                                                                                                                                                                ; --                                       ; top         ; Top              ;
; PHYSICAL_SYNTHESIS_EFFORT                         ; Fast                                                                                                                                                                                                                                                                                                  ; Normal                                   ; --          ; --               ;
; PHYSICAL_SYNTHESIS_REGISTER_RETIMING              ; On                                                                                                                                                                                                                                                                                                    ; Off                                      ; --          ; --               ;
; POWER_BOARD_THERMAL_MODEL                         ; None (CONSERVATIVE)                                                                                                                                                                                                                                                                                   ; --                                       ; --          ; --               ;
; POWER_PRESET_COOLING_SOLUTION                     ; 23 MM HEAT SINK WITH 200 LFPM AIRFLOW                                                                                                                                                                                                                                                                 ; --                                       ; --          ; --               ;
; SAVE_DISK_SPACE                                   ; Off                                                                                                                                                                                                                                                                                                   ; On                                       ; --          ; --               ;
; SLD_FILE                                          ; db/stp1_auto_stripped.stp                                                                                                                                                                                                                                                                             ; --                                       ; --          ; --               ;
; SLD_NODE_CREATOR_ID                               ; 110                                                                                                                                                                                                                                                                                                   ; --                                       ; --          ; ASK_sigtap       ;
; SLD_NODE_CREATOR_ID                               ; 110                                                                                                                                                                                                                                                                                                   ; --                                       ; --          ; auto_signaltap_3 ;
; SLD_NODE_CREATOR_ID                               ; 110                                                                                                                                                                                                                                                                                                   ; --                                       ; --          ; DDS              ;
; SLD_NODE_ENTITY_NAME                              ; sld_signaltap                                                                                                                                                                                                                                                                                         ; --                                       ; --          ; ASK_sigtap       ;
; SLD_NODE_ENTITY_NAME                              ; sld_signaltap                                                                                                                                                                                                                                                                                         ; --                                       ; --          ; auto_signaltap_3 ;
; SLD_NODE_ENTITY_NAME                              ; sld_signaltap                                                                                                                                                                                                                                                                                         ; --                                       ; --          ; DDS              ;
; SLD_NODE_PARAMETER_ASSIGNMENT                     ; SLD_RAM_BLOCK_TYPE=AUTO                                                                                                                                                                                                                                                                               ; --                                       ; --          ; ASK_sigtap       ;
; SLD_NODE_PARAMETER_ASSIGNMENT                     ; SLD_DATA_BITS=25                                                                                                                                                                                                                                                                                      ; --                                       ; --          ; ASK_sigtap       ;
; SLD_NODE_PARAMETER_ASSIGNMENT                     ; SLD_TRIGGER_BITS=25                                                                                                                                                                                                                                                                                   ; --                                       ; --          ; ASK_sigtap       ;
; SLD_NODE_PARAMETER_ASSIGNMENT                     ; SLD_STORAGE_QUALIFIER_BITS=25                                                                                                                                                                                                                                                                         ; --                                       ; --          ; ASK_sigtap       ;
; SLD_NODE_PARAMETER_ASSIGNMENT                     ; SLD_NODE_INFO=805334530                                                                                                                                                                                                                                                                               ; --                                       ; --          ; ASK_sigtap       ;
; SLD_NODE_PARAMETER_ASSIGNMENT                     ; SLD_POWER_UP_TRIGGER=0                                                                                                                                                                                                                                                                                ; --                                       ; --          ; ASK_sigtap       ;
; SLD_NODE_PARAMETER_ASSIGNMENT                     ; SLD_INVERSION_MASK=0000000000000000000000000000000000000000000000000000000000000000000000000000000000000000000000000000000                                                                                                                                                                            ; --                                       ; --          ; ASK_sigtap       ;
; SLD_NODE_PARAMETER_ASSIGNMENT                     ; SLD_INVERSION_MASK_LENGTH=103                                                                                                                                                                                                                                                                         ; --                                       ; --          ; ASK_sigtap       ;
; SLD_NODE_PARAMETER_ASSIGNMENT                     ; SLD_STORAGE_QUALIFIER_INVERSION_MASK_LENGTH=0                                                                                                                                                                                                                                                         ; --                                       ; --          ; ASK_sigtap       ;
; SLD_NODE_PARAMETER_ASSIGNMENT                     ; SLD_SEGMENT_SIZE=16384                                                                                                                                                                                                                                                                                ; --                                       ; --          ; ASK_sigtap       ;
; SLD_NODE_PARAMETER_ASSIGNMENT                     ; SLD_ATTRIBUTE_MEM_MODE=OFF                                                                                                                                                                                                                                                                            ; --                                       ; --          ; ASK_sigtap       ;
; SLD_NODE_PARAMETER_ASSIGNMENT                     ; SLD_STATE_FLOW_USE_GENERATED=0                                                                                                                                                                                                                                                                        ; --                                       ; --          ; ASK_sigtap       ;
; SLD_NODE_PARAMETER_ASSIGNMENT                     ; SLD_STATE_BITS=11                                                                                                                                                                                                                                                                                     ; --                                       ; --          ; ASK_sigtap       ;
; SLD_NODE_PARAMETER_ASSIGNMENT                     ; SLD_BUFFER_FULL_STOP=1                                                                                                                                                                                                                                                                                ; --                                       ; --          ; ASK_sigtap       ;
; SLD_NODE_PARAMETER_ASSIGNMENT                     ; SLD_CURRENT_RESOURCE_WIDTH=1                                                                                                                                                                                                                                                                          ; --                                       ; --          ; ASK_sigtap       ;
; SLD_NODE_PARAMETER_ASSIGNMENT                     ; SLD_INCREMENTAL_ROUTING=1                                                                                                                                                                                                                                                                             ; --                                       ; --          ; ASK_sigtap       ;
; SLD_NODE_PARAMETER_ASSIGNMENT                     ; SLD_TRIGGER_LEVEL=1                                                                                                                                                                                                                                                                                   ; --                                       ; --          ; ASK_sigtap       ;
; SLD_NODE_PARAMETER_ASSIGNMENT                     ; SLD_SAMPLE_DEPTH=16384                                                                                                                                                                                                                                                                                ; --                                       ; --          ; ASK_sigtap       ;
; SLD_NODE_PARAMETER_ASSIGNMENT                     ; SLD_TRIGGER_IN_ENABLED=0                                                                                                                                                                                                                                                                              ; --                                       ; --          ; ASK_sigtap       ;
; SLD_NODE_PARAMETER_ASSIGNMENT                     ; SLD_TRIGGER_PIPELINE=0                                                                                                                                                                                                                                                                                ; --                                       ; --          ; ASK_sigtap       ;
; SLD_NODE_PARAMETER_ASSIGNMENT                     ; SLD_RAM_PIPELINE=0                                                                                                                                                                                                                                                                                    ; --                                       ; --          ; ASK_sigtap       ;
; SLD_NODE_PARAMETER_ASSIGNMENT                     ; SLD_COUNTER_PIPELINE=0                                                                                                                                                                                                                                                                                ; --                                       ; --          ; ASK_sigtap       ;
; SLD_NODE_PARAMETER_ASSIGNMENT                     ; SLD_ADVANCED_TRIGGER_ENTITY=basic,1,                                                                                                                                                                                                                                                                  ; --                                       ; --          ; ASK_sigtap       ;
; SLD_NODE_PARAMETER_ASSIGNMENT                     ; SLD_TRIGGER_LEVEL_PIPELINE=1                                                                                                                                                                                                                                                                          ; --                                       ; --          ; ASK_sigtap       ;
; SLD_NODE_PARAMETER_ASSIGNMENT                     ; SLD_ENABLE_ADVANCED_TRIGGER=0                                                                                                                                                                                                                                                                         ; --                                       ; --          ; ASK_sigtap       ;
; SLD_NODE_PARAMETER_ASSIGNMENT                     ; SLD_RAM_BLOCK_TYPE=AUTO                                                                                                                                                                                                                                                                               ; --                                       ; --          ; auto_signaltap_3 ;
; SLD_NODE_PARAMETER_ASSIGNMENT                     ; SLD_DATA_BITS=7                                                                                                                                                                                                                                                                                       ; --                                       ; --          ; auto_signaltap_3 ;
; SLD_NODE_PARAMETER_ASSIGNMENT                     ; SLD_TRIGGER_BITS=7                                                                                                                                                                                                                                                                                    ; --                                       ; --          ; auto_signaltap_3 ;
; SLD_NODE_PARAMETER_ASSIGNMENT                     ; SLD_STORAGE_QUALIFIER_BITS=7                                                                                                                                                                                                                                                                          ; --                                       ; --          ; auto_signaltap_3 ;
; SLD_NODE_PARAMETER_ASSIGNMENT                     ; SLD_NODE_INFO=805334531                                                                                                                                                                                                                                                                               ; --                                       ; --          ; auto_signaltap_3 ;
; SLD_NODE_PARAMETER_ASSIGNMENT                     ; SLD_POWER_UP_TRIGGER=0                                                                                                                                                                                                                                                                                ; --                                       ; --          ; auto_signaltap_3 ;
; SLD_NODE_PARAMETER_ASSIGNMENT                     ; SLD_INVERSION_MASK=00000000000000000000000000                                                                                                                                                                                                                                                         ; --                                       ; --          ; auto_signaltap_3 ;
; SLD_NODE_PARAMETER_ASSIGNMENT                     ; SLD_INVERSION_MASK_LENGTH=26                                                                                                                                                                                                                                                                          ; --                                       ; --          ; auto_signaltap_3 ;
; SLD_NODE_PARAMETER_ASSIGNMENT                     ; SLD_STORAGE_QUALIFIER_INVERSION_MASK_LENGTH=0                                                                                                                                                                                                                                                         ; --                                       ; --          ; auto_signaltap_3 ;
; SLD_NODE_PARAMETER_ASSIGNMENT                     ; SLD_SEGMENT_SIZE=4096                                                                                                                                                                                                                                                                                 ; --                                       ; --          ; auto_signaltap_3 ;
; SLD_NODE_PARAMETER_ASSIGNMENT                     ; SLD_ATTRIBUTE_MEM_MODE=OFF                                                                                                                                                                                                                                                                            ; --                                       ; --          ; auto_signaltap_3 ;
; SLD_NODE_PARAMETER_ASSIGNMENT                     ; SLD_STATE_FLOW_USE_GENERATED=0                                                                                                                                                                                                                                                                        ; --                                       ; --          ; auto_signaltap_3 ;
; SLD_NODE_PARAMETER_ASSIGNMENT                     ; SLD_STATE_BITS=11                                                                                                                                                                                                                                                                                     ; --                                       ; --          ; auto_signaltap_3 ;
; SLD_NODE_PARAMETER_ASSIGNMENT                     ; SLD_BUFFER_FULL_STOP=1                                                                                                                                                                                                                                                                                ; --                                       ; --          ; auto_signaltap_3 ;
; SLD_NODE_PARAMETER_ASSIGNMENT                     ; SLD_CURRENT_RESOURCE_WIDTH=1                                                                                                                                                                                                                                                                          ; --                                       ; --          ; auto_signaltap_3 ;
; SLD_NODE_PARAMETER_ASSIGNMENT                     ; SLD_INCREMENTAL_ROUTING=1                                                                                                                                                                                                                                                                             ; --                                       ; --          ; auto_signaltap_3 ;
; SLD_NODE_PARAMETER_ASSIGNMENT                     ; SLD_TRIGGER_LEVEL=1                                                                                                                                                                                                                                                                                   ; --                                       ; --          ; auto_signaltap_3 ;
; SLD_NODE_PARAMETER_ASSIGNMENT                     ; SLD_SAMPLE_DEPTH=4096                                                                                                                                                                                                                                                                                 ; --                                       ; --          ; auto_signaltap_3 ;
; SLD_NODE_PARAMETER_ASSIGNMENT                     ; SLD_TRIGGER_IN_ENABLED=0                                                                                                                                                                                                                                                                              ; --                                       ; --          ; auto_signaltap_3 ;
; SLD_NODE_PARAMETER_ASSIGNMENT                     ; SLD_TRIGGER_PIPELINE=0                                                                                                                                                                                                                                                                                ; --                                       ; --          ; auto_signaltap_3 ;
; SLD_NODE_PARAMETER_ASSIGNMENT                     ; SLD_RAM_PIPELINE=0                                                                                                                                                                                                                                                                                    ; --                                       ; --          ; auto_signaltap_3 ;
; SLD_NODE_PARAMETER_ASSIGNMENT                     ; SLD_COUNTER_PIPELINE=0                                                                                                                                                                                                                                                                                ; --                                       ; --          ; auto_signaltap_3 ;
; SLD_NODE_PARAMETER_ASSIGNMENT                     ; SLD_ADVANCED_TRIGGER_ENTITY=sld_reserved_dds_and_nios_lab_auto_signaltap_3_1_e961,                                                                                                                                                                                                                    ; --                                       ; --          ; auto_signaltap_3 ;
; SLD_NODE_PARAMETER_ASSIGNMENT                     ; SLD_TRIGGER_LEVEL_PIPELINE=1                                                                                                                                                                                                                                                                          ; --                                       ; --          ; auto_signaltap_3 ;
; SLD_NODE_PARAMETER_ASSIGNMENT                     ; SLD_ENABLE_ADVANCED_TRIGGER=1                                                                                                                                                                                                                                                                         ; --                                       ; --          ; auto_signaltap_3 ;
; SLD_NODE_PARAMETER_ASSIGNMENT                     ; SLD_RAM_BLOCK_TYPE=AUTO                                                                                                                                                                                                                                                                               ; --                                       ; --          ; DDS              ;
; SLD_NODE_PARAMETER_ASSIGNMENT                     ; SLD_DATA_BITS=82                                                                                                                                                                                                                                                                                      ; --                                       ; --          ; DDS              ;
; SLD_NODE_PARAMETER_ASSIGNMENT                     ; SLD_TRIGGER_BITS=82                                                                                                                                                                                                                                                                                   ; --                                       ; --          ; DDS              ;
; SLD_NODE_PARAMETER_ASSIGNMENT                     ; SLD_STORAGE_QUALIFIER_BITS=82                                                                                                                                                                                                                                                                         ; --                                       ; --          ; DDS              ;
; SLD_NODE_PARAMETER_ASSIGNMENT                     ; SLD_NODE_INFO=805334529                                                                                                                                                                                                                                                                               ; --                                       ; --          ; DDS              ;
; SLD_NODE_PARAMETER_ASSIGNMENT                     ; SLD_POWER_UP_TRIGGER=0                                                                                                                                                                                                                                                                                ; --                                       ; --          ; DDS              ;
; SLD_NODE_PARAMETER_ASSIGNMENT                     ; SLD_STORAGE_QUALIFIER_INVERSION_MASK_LENGTH=0                                                                                                                                                                                                                                                         ; --                                       ; --          ; DDS              ;
; SLD_NODE_PARAMETER_ASSIGNMENT                     ; SLD_ATTRIBUTE_MEM_MODE=OFF                                                                                                                                                                                                                                                                            ; --                                       ; --          ; DDS              ;
; SLD_NODE_PARAMETER_ASSIGNMENT                     ; SLD_STATE_FLOW_USE_GENERATED=0                                                                                                                                                                                                                                                                        ; --                                       ; --          ; DDS              ;
; SLD_NODE_PARAMETER_ASSIGNMENT                     ; SLD_STATE_BITS=11                                                                                                                                                                                                                                                                                     ; --                                       ; --          ; DDS              ;
; SLD_NODE_PARAMETER_ASSIGNMENT                     ; SLD_BUFFER_FULL_STOP=1                                                                                                                                                                                                                                                                                ; --                                       ; --          ; DDS              ;
; SLD_NODE_PARAMETER_ASSIGNMENT                     ; SLD_CURRENT_RESOURCE_WIDTH=1                                                                                                                                                                                                                                                                          ; --                                       ; --          ; DDS              ;
; SLD_NODE_PARAMETER_ASSIGNMENT                     ; SLD_INCREMENTAL_ROUTING=1                                                                                                                                                                                                                                                                             ; --                                       ; --          ; DDS              ;
; SLD_NODE_PARAMETER_ASSIGNMENT                     ; SLD_TRIGGER_LEVEL=1                                                                                                                                                                                                                                                                                   ; --                                       ; --          ; DDS              ;
; SLD_NODE_PARAMETER_ASSIGNMENT                     ; SLD_TRIGGER_IN_ENABLED=0                                                                                                                                                                                                                                                                              ; --                                       ; --          ; DDS              ;
; SLD_NODE_PARAMETER_ASSIGNMENT                     ; SLD_TRIGGER_PIPELINE=0                                                                                                                                                                                                                                                                                ; --                                       ; --          ; DDS              ;
; SLD_NODE_PARAMETER_ASSIGNMENT                     ; SLD_COUNTER_PIPELINE=0                                                                                                                                                                                                                                                                                ; --                                       ; --          ; DDS              ;
; SLD_NODE_PARAMETER_ASSIGNMENT                     ; SLD_ADVANCED_TRIGGER_ENTITY=basic,1,                                                                                                                                                                                                                                                                  ; --                                       ; --          ; DDS              ;
; SLD_NODE_PARAMETER_ASSIGNMENT                     ; SLD_TRIGGER_LEVEL_PIPELINE=1                                                                                                                                                                                                                                                                          ; --                                       ; --          ; DDS              ;
; SLD_NODE_PARAMETER_ASSIGNMENT                     ; SLD_ENABLE_ADVANCED_TRIGGER=0                                                                                                                                                                                                                                                                         ; --                                       ; --          ; DDS              ;
; SLD_NODE_PARAMETER_ASSIGNMENT                     ; SLD_INVERSION_MASK=0000000000000000000000000000000000000000000000000000000000000000000000000000000000000000000000000000000000000000000000000000000000000000000000000000000000000000000000000000000000000000000000000000000000000000000000000000000000000000000000000000000000000000000000000000000000 ; --                                       ; --          ; DDS              ;
; SLD_NODE_PARAMETER_ASSIGNMENT                     ; SLD_INVERSION_MASK_LENGTH=274                                                                                                                                                                                                                                                                         ; --                                       ; --          ; DDS              ;
; SLD_NODE_PARAMETER_ASSIGNMENT                     ; SLD_SEGMENT_SIZE=16384                                                                                                                                                                                                                                                                                ; --                                       ; --          ; DDS              ;
; SLD_NODE_PARAMETER_ASSIGNMENT                     ; SLD_SAMPLE_DEPTH=16384                                                                                                                                                                                                                                                                                ; --                                       ; --          ; DDS              ;
; SLD_NODE_PARAMETER_ASSIGNMENT                     ; SLD_RAM_PIPELINE=1                                                                                                                                                                                                                                                                                    ; --                                       ; --          ; DDS              ;
; SYNTH_PROTECT_SDC_CONSTRAINT                      ; On                                                                                                                                                                                                                                                                                                    ; Off                                      ; --          ; --               ;
; TOP_LEVEL_ENTITY                                  ; top                                                                                                                                                                                                                                                                                                   ; digital_modualization_visualization_core ; --          ; --               ;
; USE_SIGNALTAP_FILE                                ; stp1.stp                                                                                                                                                                                                                                                                                              ; --                                       ; --          ; --               ;
; VERILOG_INPUT_VERSION                             ; SystemVerilog_2005                                                                                                                                                                                                                                                                                    ; Verilog_2001                             ; --          ; --               ;
; VERILOG_MACRO                                     ; SOFTWARE_IS_QUARTUS=<None>                                                                                                                                                                                                                                                                            ; --                                       ; --          ; --               ;
; VERILOG_NON_CONSTANT_LOOP_LIMIT                   ; 5000                                                                                                                                                                                                                                                                                                  ; 250                                      ; --          ; --               ;
; VERILOG_SHOW_LMF_MAPPING_MESSAGES                 ; Off                                                                                                                                                                                                                                                                                                   ; --                                       ; --          ; --               ;
+---------------------------------------------------+-------------------------------------------------------------------------------------------------------------------------------------------------------------------------------------------------------------------------------------------------------------------------------------------------------+------------------------------------------+-------------+------------------+


+--------------------------------------------------------------------------------------------------------------------------+
; Flow Elapsed Time                                                                                                        ;
+----------------------+--------------+-------------------------+---------------------+------------------------------------+
; Module Name          ; Elapsed Time ; Average Processors Used ; Peak Virtual Memory ; Total CPU Time (on all processors) ;
+----------------------+--------------+-------------------------+---------------------+------------------------------------+
; Analysis & Synthesis ; 00:04:23     ; 1.1                     ; 5490 MB             ; 00:03:02                           ;
; Fitter               ; 00:06:47     ; 1.3                     ; 7287 MB             ; 00:06:14                           ;
; Assembler            ; 00:00:21     ; 1.0                     ; 5010 MB             ; 00:00:10                           ;
; Timing Analyzer      ; 00:01:18     ; 1.9                     ; 5610 MB             ; 00:01:04                           ;
; Total                ; 00:12:49     ; --                      ; --                  ; 00:10:30                           ;
+----------------------+--------------+-------------------------+---------------------+------------------------------------+


+------------------------------------------------------------------------------------+
; Flow OS Summary                                                                    ;
+----------------------+------------------+------------+------------+----------------+
; Module Name          ; Machine Hostname ; OS Name    ; OS Version ; Processor type ;
+----------------------+------------------+------------+------------+----------------+
; Analysis & Synthesis ; LAPTOP-VB7D9HG7  ; Windows 10 ; 10.0       ; x86_64         ;
; Fitter               ; LAPTOP-VB7D9HG7  ; Windows 10 ; 10.0       ; x86_64         ;
; Assembler            ; LAPTOP-VB7D9HG7  ; Windows 10 ; 10.0       ; x86_64         ;
; Timing Analyzer      ; LAPTOP-VB7D9HG7  ; Windows 10 ; 10.0       ; x86_64         ;
+----------------------+------------------+------------+------------+----------------+


------------
; Flow Log ;
------------
quartus_map --read_settings_files=on --write_settings_files=off dds_and_nios_lab -c digital_modualization_visualization_core
quartus_fit --read_settings_files=off --write_settings_files=off dds_and_nios_lab -c digital_modualization_visualization_core
quartus_asm --read_settings_files=off --write_settings_files=off dds_and_nios_lab -c digital_modualization_visualization_core
quartus_sta dds_and_nios_lab -c digital_modualization_visualization_core



